<?xml version="1.0" encoding="UTF-8"?>
<testng-results ignored="0" total="1" passed="1" failed="0" skipped="0">
  <reporter-output>
  </reporter-output>
  <suite started-at="2024-08-11T21:09:54 EET" name="Default suite" finished-at="2024-08-11T21:10:06 EET" duration-ms="12633">
    <groups>
    </groups>
    <test started-at="2024-08-11T21:09:54 EET" name="Default test" finished-at="2024-08-11T21:10:06 EET" duration-ms="12633">
      <class name="firstProjectAuto.MyFirstTest">
        <test-method is-config="true" signature="mySetup()[pri:0, instance:firstProjectAuto.MyFirstTest@44c79f32]" started-at="2024-08-11T21:09:54 EET" name="mySetup" finished-at="2024-08-11T21:09:58 EET" duration-ms="4036" status="PASS">
          <reporter-output>
          </reporter-output>
        </test-method> <!-- mySetup -->
        <test-method signature="myFirstTest()[pri:0, instance:firstProjectAuto.MyFirstTest@44c79f32]" started-at="2024-08-11T21:09:58 EET" name="myFirstTest" finished-at="2024-08-11T21:10:06 EET" duration-ms="8568" status="PASS">
          <reporter-output>
          </reporter-output>
        </test-method> <!-- myFirstTest -->
      </class> <!-- firstProjectAuto.MyFirstTest -->
    </test> <!-- Default test -->
  </suite> <!-- Default suite -->
</testng-results>
